-------------------------------------------------------------------------------
Test set: br.com.meusistema.TestLogin
-------------------------------------------------------------------------------
Tests run: 1, Failures: 1, Errors: 0, Skipped: 0, Time elapsed: 4.714 s <<< FAILURE! - in br.com.meusistema.TestLogin
testLogin  Time elapsed: 4.704 s  <<< FAILURE!
org.opentest4j.AssertionFailedError: expected: <https://blazedemo.com/home> but was: <https://blazedemo.com/login>
	at br.com.meusistema.TestLogin.testLogin(TestLogin.java:43)

